Arguments: 
  C:\Program Files\nodejs\node.exe C:\Users\breno\AppData\Roaming\npm\node_modules\yarn\bin\yarn.js add webpack04.41.5 -D

PATH: 
  C:\Users\breno\bin;C:\Program Files\Git\mingw64\bin;C:\Program Files\Git\usr\local\bin;C:\Program Files\Git\usr\bin;C:\Program Files\Git\usr\bin;C:\Program Files\Git\mingw64\bin;C:\Program Files\Git\usr\bin;C:\Users\breno\bin;C:\Program Files\Common Files\Oracle\Java\javapath;C:\Windows\system32;C:\Windows;C:\Windows\System32\Wbem;C:\Windows\System32\WindowsPowerShell\v1.0;C:\Windows\System32\OpenSSH;C:\Program Files\Git\cmd;C:\Program Files\nodejs;C:\composer;C:\Program Files\Docker\Docker\resources\bin;C:\ProgramData\DockerDesktop\version-bin;C:\Users\breno\AppData\Local\Microsoft\WindowsApps;C:\Users\breno\AppData\Local\Programs\Microsoft VS Code\bin;C:\Users\breno\AppData\Roaming\npm;C:\wamp64\bin\php\php7.4.9;C:\Users\breno\AppData\Roaming\Composer\vendor\bin;C:\Users\breno\bin;C:\wamp64\bin\mongodb\mongodb-windows-x86_64-5.0.5\bin;C:\Users\breno\AppData\Local\GitHubDesktop\bin;C:\Program Files\heroku\bin;C:\Users\breno\AppData\Local\Programs\Python\Python310;C:\Users\breno\AppData\Local\Programs\Python\Python310\Scripts;C:\Program Files\Git\usr\bin\vendor_perl;C:\Program Files\Git\usr\bin\core_perl

Yarn version: 
  1.22.17

Node version: 
  16.13.0

Platform: 
  win32 x64

Trace: 
  Error: https://registry.yarnpkg.com/webpack04.41.5: Not found
      at Request.params.callback [as _callback] (C:\Users\breno\AppData\Roaming\npm\node_modules\yarn\lib\cli.js:67029:18)
      at Request.self.callback (C:\Users\breno\AppData\Roaming\npm\node_modules\yarn\lib\cli.js:140883:22)
      at Request.emit (node:events:390:28)
      at Request.<anonymous> (C:\Users\breno\AppData\Roaming\npm\node_modules\yarn\lib\cli.js:141855:10)
      at Request.emit (node:events:390:28)
      at IncomingMessage.<anonymous> (C:\Users\breno\AppData\Roaming\npm\node_modules\yarn\lib\cli.js:141777:12)
      at Object.onceWrapper (node:events:509:28)
      at IncomingMessage.emit (node:events:402:35)
      at endReadableNT (node:internal/streams/readable:1343:12)
      at processTicksAndRejections (node:internal/process/task_queues:83:21)

npm manifest: 
  No manifest

yarn manifest: 
  No manifest

Lockfile: 
  No lockfile
